{"numFailedTestSuites":0,"numFailedTests":0,"numPassedTestSuites":1,"numPassedTests":2,"numPendingTestSuites":0,"numPendingTests":0,"numRuntimeErrorTestSuites":0,"numTodoTests":0,"numTotalTestSuites":1,"numTotalTests":2,"openHandles":[],"snapshot":{"added":0,"didUpdate":false,"failure":false,"filesAdded":0,"filesRemoved":0,"filesRemovedList":[],"filesUnmatched":0,"filesUpdated":0,"matched":0,"total":0,"unchecked":0,"uncheckedKeysByFile":[],"unmatched":0,"updated":0},"startTime":1629292887841,"success":true,"testResults":[{"assertionResults":[{"ancestorTitles":[],"failureMessages":[],"fullName":"shows default values","location":null,"status":"passed","title":"shows default values"},{"ancestorTitles":[],"failureMessages":[],"fullName":"calculates %","location":null,"status":"passed","title":"calculates %"}],"endTime":1629292891585,"message":"","name":"E:\\projects\\components_lib\\src\\components\\PercentageChangeWidget\\PercentageChangeWidget.spec.js","startTime":1629292889103,"status":"passed","summary":""}],"wasInterrupted":false}